<?xml version="1.0" encoding="UTF-8"?>
<!-- Generated by org.testng.reporters.JUnitReportReporter -->
<testsuite hostname="DESKTOP-MFMDPDU" failures="0" tests="1" name="com.actitime.testscript.ProjectModule" time="32.931" errors="0" timestamp="2023-09-15T22:26:58 IST" skipped="0">
  <testcase classname="com.actitime.testscript.ProjectModule" name="testCreateProject" time="32.931">
    <system-out>
      <![CDATA[CreateProject]]>
    </system-out>
  </testcase> <!-- testCreateProject -->
  <system-out>
    <![CDATA[open browser
login
CreateProject
logout
closeBrowser]]>
  </system-out>
</testsuite> <!-- com.actitime.testscript.ProjectModule -->
